<?xml version="1.0" encoding="UTF-8"?>
<!-- Generated by org.testng.reporters.JUnitReportReporter -->
<testsuite hostname="LAPTOP-NIRBPM1U" failures="0" tests="2" name="com.answerdigital.qa.testcases.SearchJobPageTest" time="65.275" errors="0" timestamp="2021-10-03T23:36:34 BST" skipped="0">
  <testcase classname="com.answerdigital.qa.testcases.SearchJobPageTest" name="searchPageTitleTest" time="28.221"/>
  <system-out/>
  <testcase classname="com.answerdigital.qa.testcases.SearchJobPageTest" name="searchJobTest" time="37.054"/>
  <system-out/>
</testsuite> <!-- com.answerdigital.qa.testcases.SearchJobPageTest -->
