<?xml version="1.0" encoding="UTF-8"?>
<!-- Generated by org.testng.reporters.JUnitReportReporter -->
<testsuite hostname="LAPTOP-NIRBPM1U" failures="0" tests="4" name="com.answerdigital.qa.testcases.HomePageTest" time="64.219" errors="0" timestamp="2021-10-03T23:36:34 BST" skipped="0">
  <testcase classname="com.answerdigital.qa.testcases.HomePageTest" name="HomePageTitleTest" time="15.258"/>
  <system-out/>
  <testcase classname="com.answerdigital.qa.testcases.HomePageTest" name="AnswerDigitalLogoImageTest" time="15.252"/>
  <system-out/>
  <testcase classname="com.answerdigital.qa.testcases.HomePageTest" name="VerifyOurServicesLinkTest" time="16.081"/>
  <system-out/>
  <testcase classname="com.answerdigital.qa.testcases.HomePageTest" name="VerifyCareerLinkTest" time="17.628"/>
  <system-out/>
</testsuite> <!-- com.answerdigital.qa.testcases.HomePageTest -->
